<?xml version="1.0" encoding="UTF-8"?>
<!-- Generated by org.testng.reporters.JUnitReportReporter -->
<testsuite hostname="Prabhus-MacBook-Pro.local" failures="0" tests="2" name="test.E2ETests" time="34.868" errors="0" timestamp="2025-07-15T19:40:20 IST" skipped="0">
  <testcase classname="test.E2ETests" name="verifyAddToCartFlow" time="21.990"/>
  <system-out/>
  <testcase classname="test.E2ETests" name="verifyLogoutFunctionality" time="12.878"/>
  <system-out/>
</testsuite> <!-- test.E2ETests -->
