<?xml version="1.0" encoding="UTF-8"?>
<!-- Generated by org.testng.reporters.JUnitReportReporter -->
<testsuite hostname="Prabhus-MacBook-Pro.local" failures="0" tests="6" name="test.LoginTests" time="57.216" errors="0" timestamp="2025-07-15T19:40:20 IST" skipped="0">
  <testcase classname="test.LoginTests" name="loginValidation" time="8.720"/>
  <system-out/>
  <testcase classname="test.LoginTests" name="loginValidation" time="8.600"/>
  <system-out/>
  <testcase classname="test.LoginTests" name="loginValidation" time="8.642"/>
  <system-out/>
  <testcase classname="test.LoginTests" name="loginValidation" time="9.931"/>
  <system-out/>
  <testcase classname="test.LoginTests" name="loginValidation" time="9.393"/>
  <system-out/>
  <testcase classname="test.LoginTests" name="verifySessionUsernameCookie" time="11.930"/>
  <system-out/>
</testsuite> <!-- test.LoginTests -->
